SecretTalk/Mymessenger/build/outputs/logs/manifest-merger-debug-report.txt
-- Merging decision tree log ---
manifest
ADDED from Desktop\Mymessenger\AndroidManifest.xml:2:1-49:12
	package
		ADDED from Desktop\Mymessenger\AndroidManifest.xml:3:5-38
	android:versionName
		ADDED from Desktop\Mymessenger\AndroidManifest.xml:5:5-30
	android:versionCode
		ADDED from Desktop\Mymessenger\AndroidManifest.xml:4:5-28
		INJECTED from Desktop\Mymessenger\AndroidManifest.xml
		INJECTED from Desktop\Mymessenger\AndroidManifest.xml
	xmlns:android
		ADDED from Desktop\Mymessenger\AndroidManifest.xml:2:11-69
uses-sdk
ADDED from Desktop\Mymessenger\AndroidManifest.xml:7:5-9:41
MERGED from [Mymessenger:signalr-client-sdk-androidaar:unspecified] AndroidManifest.xml:7:5-9:41
MERGED from [Mymessenger:appcompat-v7-18.0.0:unspecified] AndroidManifest.xml:18:5-42
	android:targetSdkVersion
		ADDED from Desktop\Mymessenger\AndroidManifest.xml:9:9-38
	android:minSdkVersion
		ADDED from Desktop\Mymessenger\AndroidManifest.xml:8:9-35
uses-permission#android.permission.INTERNET
ADDED from Desktop\Mymessenger\AndroidManifest.xml:11:5-67
	android:name
		ADDED from Desktop\Mymessenger\AndroidManifest.xml:11:22-64
uses-permission#android.permission.ACCESS_NETWORK_STATE
ADDED from Desktop\Mymessenger\AndroidManifest.xml:12:5-79
	android:name
		ADDED from Desktop\Mymessenger\AndroidManifest.xml:12:22-76
android:uses-permission#android.permission.WRITE_EXTERNAL_STORAGE
ADDED from Desktop\Mymessenger\AndroidManifest.xml:14:5-89
	android:name
		ADDED from Desktop\Mymessenger\AndroidManifest.xml:14:30-86
android:uses-permission#android.permission.READ_PHONE_STATE
ADDED from Desktop\Mymessenger\AndroidManifest.xml:15:5-83
	android:name
		ADDED from Desktop\Mymessenger\AndroidManifest.xml:15:30-80
android:uses-permission#android.permission.READ_EXTERNAL_STORAGE
ADDED from Desktop\Mymessenger\AndroidManifest.xml:16:5-88
	android:name
		ADDED from Desktop\Mymessenger\AndroidManifest.xml:16:30-85
application
ADDED from Desktop\Mymessenger\AndroidManifest.xml:18:5-47:19
MERGED from [Mymessenger:signalr-client-sdk-androidaar:unspecified] AndroidManifest.xml:11:5-12:19
MERGED from [Mymessenger:appcompat-v7-18.0.0:unspecified] AndroidManifest.xml:19:5-20
	android:label
		ADDED from Desktop\Mymessenger\AndroidManifest.xml:21:9-35
	android:allowBackup
		ADDED from Desktop\Mymessenger\AndroidManifest.xml:19:9-35
	android:icon
		ADDED from Desktop\Mymessenger\AndroidManifest.xml:20:9-45
	android:theme
		ADDED from Desktop\Mymessenger\AndroidManifest.xml:22:9-40
activity#com.example.mymessenger.LoginActivity
ADDED from Desktop\Mymessenger\AndroidManifest.xml:23:9-31:20
	android:label
		ADDED from Desktop\Mymessenger\AndroidManifest.xml:25:13-39
	android:name
		ADDED from Desktop\Mymessenger\AndroidManifest.xml:24:13-42
intent-filter#android.intent.action.MAIN+android.intent.category.LAUNCHER
ADDED from Desktop\Mymessenger\AndroidManifest.xml:26:13-30:29
action#android.intent.action.MAIN
ADDED from Desktop\Mymessenger\AndroidManifest.xml:27:17-69
	android:name
		ADDED from Desktop\Mymessenger\AndroidManifest.xml:27:25-66
category#android.intent.category.LAUNCHER
ADDED from Desktop\Mymessenger\AndroidManifest.xml:29:17-77
	android:name
		ADDED from Desktop\Mymessenger\AndroidManifest.xml:29:27-74
activity#com.example.mymessenger.JoinActiviity
ADDED from Desktop\Mymessenger\AndroidManifest.xml:32:9-51
	android:name
		ADDED from Desktop\Mymessenger\AndroidManifest.xml:32:19-48
activity#com.example.mymessenger.MainFrameActivity
ADDED from Desktop\Mymessenger\AndroidManifest.xml:33:9-55
	android:name
		ADDED from Desktop\Mymessenger\AndroidManifest.xml:33:19-52
activity#com.example.mymessenger.ChattingFrom
ADDED from Desktop\Mymessenger\AndroidManifest.xml:34:9-50
	android:name
		ADDED from Desktop\Mymessenger\AndroidManifest.xml:34:19-47
activity#com.example.mymessenger.NChatRoom
ADDED from Desktop\Mymessenger\AndroidManifest.xml:35:9-38:20
	android:label
		ADDED from Desktop\Mymessenger\AndroidManifest.xml:37:13-62
	android:name
		ADDED from Desktop\Mymessenger\AndroidManifest.xml:36:13-38
activity#com.example.mymessenger.Search
ADDED from Desktop\Mymessenger\AndroidManifest.xml:39:9-42:20
	android:label
		ADDED from Desktop\Mymessenger\AndroidManifest.xml:41:13-58
	android:name
		ADDED from Desktop\Mymessenger\AndroidManifest.xml:40:13-35
activity#com.example.mymessenger.Chattingmsg
ADDED from Desktop\Mymessenger\AndroidManifest.xml:43:9-46:20
	android:label
		ADDED from Desktop\Mymessenger\AndroidManifest.xml:45:13-63
	android:name
		ADDED from Desktop\Mymessenger\AndroidManifest.xml:44:13-40